<?xml version="1.0" encoding="UTF-8"?>
<testng-results ignored="0" total="1" passed="1" failed="0" skipped="0">
  <reporter-output>
  </reporter-output>
  <suite started-at="2022-09-07T10:47:09 PDT" name="Default suite" finished-at="2022-09-07T10:47:25 PDT" duration-ms="16471">
    <groups>
    </groups>
    <test started-at="2022-09-07T10:47:09 PDT" name="Default test" finished-at="2022-09-07T10:47:25 PDT" duration-ms="16471">
      <class name="javaselenium.TestNG">
        <test-method signature="googlesearch()[pri:0, instance:javaselenium.TestNG@31fa1761]" started-at="2022-09-07T10:47:09 PDT" name="googlesearch" finished-at="2022-09-07T10:47:25 PDT" duration-ms="16411" status="PASS">
          <reporter-output>
          </reporter-output>
        </test-method> <!-- googlesearch -->
      </class> <!-- javaselenium.TestNG -->
    </test> <!-- Default test -->
  </suite> <!-- Default suite -->
</testng-results>
